2026-03-03T12:11:16.894Z [console][error] A tree hydrated but some attributes of the server rendered HTML didn't match the client properties. This won't be patched up. This can happen if a SSR-ed Client Component used:

- A server/client branch `if (typeof window !== 'undefined')`.
- Variable input such as `Date.now()` or `Math.random()` which changes each time it's called.
- Date formatting in a user's locale which doesn't match the server.
- External changing data without sending a snapshot of it along with the HTML.
- Invalid HTML tag nesting.

It can also happen if the client has a browser extension installed which messes with the HTML before React loaded.

%s%s https://react.dev/link/hydration-mismatch 

  ...
    <SegmentViewNode type="page" pagePath="/user/app/...">
      <SegmentTrieNode>
      <Home>
        <div data-orchids-id="src/app/pa..." data-orchids-name="div" className="relative m...">
          <BackgroundDecor>
          <Navbar>
          <main data-orchids-id="src/app/pa..." data-orchids-name="main" className="mx-auto ma...">
            <Hero data-orchids-id="src/app/pa..." data-orchids-name="Hero">
              <section data-orchids-id="src/compon..." data-orchids-name="section" className="relative f...">
                <div>
                <motion.div data-orchids-id="src/compon..." data-orchids-name="motion.div" initial={{opacity:0, ...}} ...>
                  <div data-orchids-id="src/compon..." data-orchids-name="motion.div" className="mt-12 lg:mt-0" ...>
                    <ShuttleAnimation data-orchids-id="src/compon..." data-orchids-name="ShuttleAni...">
                      <div data-orchids-id="src/compon..." data-orchids-name="div" className="relative h...">
                        <motion.div>
                        <motion.div data-orchids-id="src/compon..." data-orchids-name="motion.div" ...>
                          <div
                            data-orchids-id="src/components/sections/ShuttleAnimation.tsx:25:8"
                            data-orchids-name="...
2026-03-03T12:11:18.730Z [console][warn] Image with src "https://images.unsplash.com/photo-1460925895917-afdab827c52f?auto=format&fit=crop&q=80&w=800" has "fill" but is missing "sizes" prop. Please add it to improve page performance. Read more: https://nextjs.org/docs/api-reference/next/image#sizes
2026-03-03T12:11:19.145Z [console][warn] Image with src "https://images.unsplash.com/photo-1551288049-bebda4e38f71?auto=format&fit=crop&q=80&w=800" has "fill" but is missing "sizes" prop. Please add it to improve page performance. Read more: https://nextjs.org/docs/api-reference/next/image#sizes
2026-03-03T12:11:19.524Z [console][warn] Image with src "https://images.unsplash.com/photo-1498050108023-c5249f4df085?auto=format&fit=crop&q=80&w=800" has "fill" but is missing "sizes" prop. Please add it to improve page performance. Read more: https://nextjs.org/docs/api-reference/next/image#sizes
2026-03-03T12:11:19.524Z [console][warn] Image with src "https://images.unsplash.com/photo-1507238691740-187a5b1d37b8?auto=format&fit=crop&q=80&w=800" has "fill" but is missing "sizes" prop. Please add it to improve page performance. Read more: https://nextjs.org/docs/api-reference/next/image#sizes
